This is pdfTeX, Version 3.141592653-2.6-1.40.24 (TeX Live 2022/MacPorts 2022.62882_0) (preloaded format=pdflatex 2022.7.16)  27 APR 2023 12:39
entering extended mode
 restricted \write18 enabled.
 file:line:error style messages enabled.
 %&-line parsing enabled.
**"/Users/ehsanulkabir/Downloads/tabular/whitebox neuron output attack.tex"
(/Users/ehsanulkabir/Downloads/tabular/whitebox neuron output attack.tex
LaTeX2e <2021-11-15> patch level 1
L3 programming layer <2022-02-24> (/opt/local/share/texmf-texlive/tex/latex/base/article.cls
Document Class: article 2021/10/04 v1.4n Standard LaTeX document class
(/opt/local/share/texmf-texlive/tex/latex/base/size10.clo
File: size10.clo 2021/10/04 v1.4n Standard LaTeX file (size option)
)
\c@part=\count185
\c@section=\count186
\c@subsection=\count187
\c@subsubsection=\count188
\c@paragraph=\count189
\c@subparagraph=\count190
\c@figure=\count191
\c@table=\count192
\abovecaptionskip=\skip47
\belowcaptionskip=\skip48
\bibindent=\dimen138
) (/opt/local/share/texmf-texlive/tex/latex/amsmath/amsmath.sty
Package: amsmath 2021/10/15 v2.17l AMS math features
\@mathmargin=\skip49

For additional information on amsmath, use the `?' option.
(/opt/local/share/texmf-texlive/tex/latex/amsmath/amstext.sty
Package: amstext 2021/08/26 v2.01 AMS text
 (/opt/local/share/texmf-texlive/tex/latex/amsmath/amsgen.sty
File: amsgen.sty 1999/11/30 v2.0 generic functions
\@emptytoks=\toks16
\ex@=\dimen139
)) (/opt/local/share/texmf-texlive/tex/latex/amsmath/amsbsy.sty
Package: amsbsy 1999/11/29 v1.2d Bold Symbols
\pmbraise@=\dimen140
) (/opt/local/share/texmf-texlive/tex/latex/amsmath/amsopn.sty
Package: amsopn 2021/08/26 v2.02 operator names
)
\inf@bad=\count193
LaTeX Info: Redefining \frac on input line 234.
\uproot@=\count194
\leftroot@=\count195
LaTeX Info: Redefining \overline on input line 399.
\classnum@=\count196
\DOTSCASE@=\count197
LaTeX Info: Redefining \ldots on input line 496.
LaTeX Info: Redefining \dots on input line 499.
LaTeX Info: Redefining \cdots on input line 620.
\Mathstrutbox@=\box50
\strutbox@=\box51
\big@size=\dimen141
LaTeX Font Info:    Redeclaring font encoding OML on input line 743.
LaTeX Font Info:    Redeclaring font encoding OMS on input line 744.
\macc@depth=\count198
\c@MaxMatrixCols=\count199
\dotsspace@=\muskip16
\c@parentequation=\count266
\dspbrk@lvl=\count267
\tag@help=\toks17
\row@=\count268
\column@=\count269
\maxfields@=\count270
\andhelp@=\toks18
\eqnshift@=\dimen142
\alignsep@=\dimen143
\tagshift@=\dimen144
\tagwidth@=\dimen145
\totwidth@=\dimen146
\lineht@=\dimen147
\@envbody=\toks19
\multlinegap=\skip50
\multlinetaggap=\skip51
\mathdisplay@stack=\toks20
LaTeX Info: Redefining \[ on input line 2938.
LaTeX Info: Redefining \] on input line 2939.
) (/opt/local/share/texmf-texlive/tex/latex/amsfonts/amssymb.sty
Package: amssymb 2013/01/14 v3.01 AMS font symbols
 (/opt/local/share/texmf-texlive/tex/latex/amsfonts/amsfonts.sty
Package: amsfonts 2013/01/14 v3.01 Basic AMSFonts support
\symAMSa=\mathgroup4
\symAMSb=\mathgroup5
LaTeX Font Info:    Redeclaring math symbol \hbar on input line 98.
LaTeX Font Info:    Overwriting math alphabet `\mathfrak' in version `bold'
(Font)                  U/euf/m/n --> U/euf/b/n on input line 106.
)) (/opt/local/share/texmf-texlive/tex/latex/graphics/graphicx.sty
Package: graphicx 2021/09/16 v1.2d Enhanced LaTeX Graphics (DPC,SPQR)
 (/opt/local/share/texmf-texlive/tex/latex/graphics/keyval.sty
Package: keyval 2014/10/28 v1.15 key=value parser (DPC)
\KV@toks@=\toks21
) (/opt/local/share/texmf-texlive/tex/latex/graphics/graphics.sty
Package: graphics 2021/03/04 v1.4d Standard LaTeX Graphics (DPC,SPQR)
 (/opt/local/share/texmf-texlive/tex/latex/graphics/trig.sty
Package: trig 2021/08/11 v1.11 sin cos tan (DPC)
) (/opt/local/share/texmf-texlive/tex/latex/graphics-cfg/graphics.cfg
File: graphics.cfg 2016/06/04 v1.11 sample graphics configuration
)
Package graphics Info: Driver file: pdftex.def on input line 107.
 (/opt/local/share/texmf-texlive/tex/latex/graphics-def/pdftex.def
File: pdftex.def 2020/10/05 v1.2a Graphics/color driver for pdftex
))
\Gin@req@height=\dimen148
\Gin@req@width=\dimen149
) (/opt/local/share/texmf-texlive/tex/latex/subfig/subfig.sty
Package: subfig 2005/06/28 ver: 1.3 subfig package
 (/opt/local/share/texmf-texlive/tex/latex/caption/caption.sty
Package: caption 2022/03/01 v3.6b Customizing captions (AR)
 (/opt/local/share/texmf-texlive/tex/latex/caption/caption3.sty
Package: caption3 2022/03/17 v2.3b caption3 kernel (AR)
\caption@tempdima=\dimen150
\captionmargin=\dimen151
\caption@leftmargin=\dimen152
\caption@rightmargin=\dimen153
\caption@width=\dimen154
\caption@indent=\dimen155
\caption@parindent=\dimen156
\caption@hangindent=\dimen157
Package caption Info: Standard document class detected.
)
\c@caption@flags=\count271
\c@continuedfloat=\count272
)
\c@KVtest=\count273
\sf@farskip=\skip52
\sf@captopadj=\dimen158
\sf@capskip=\skip53
\sf@nearskip=\skip54
\c@subfigure=\count274
\c@subfigure@save=\count275
\c@lofdepth=\count276
\c@subtable=\count277
\c@subtable@save=\count278
\c@lotdepth=\count279
\sf@top=\skip55
\sf@bottom=\skip56
) (/opt/local/share/texmf-texlive/tex/latex/l3backend/l3backend-pdftex.def
File: l3backend-pdftex.def 2022-02-07 L3 backend support: PDF output (pdfTeX)
\l__color_backend_stack_int=\count280
\l__pdf_internal_box=\box52
) (./whitebox neuron output attack.aux)
\openout1 = `"whitebox neuron output attack.aux"'.

LaTeX Font Info:    Checking defaults for OML/cmm/m/it on input line 9.
LaTeX Font Info:    ... okay on input line 9.
LaTeX Font Info:    Checking defaults for OMS/cmsy/m/n on input line 9.
LaTeX Font Info:    ... okay on input line 9.
LaTeX Font Info:    Checking defaults for OT1/cmr/m/n on input line 9.
LaTeX Font Info:    ... okay on input line 9.
LaTeX Font Info:    Checking defaults for T1/cmr/m/n on input line 9.
LaTeX Font Info:    ... okay on input line 9.
LaTeX Font Info:    Checking defaults for TS1/cmr/m/n on input line 9.
LaTeX Font Info:    ... okay on input line 9.
LaTeX Font Info:    Checking defaults for OMX/cmex/m/n on input line 9.
LaTeX Font Info:    ... okay on input line 9.
LaTeX Font Info:    Checking defaults for U/cmr/m/n on input line 9.
LaTeX Font Info:    ... okay on input line 9.
 (/opt/local/share/texmf-texlive/tex/context/base/mkii/supp-pdf.mkii
[Loading MPS to PDF converter (version 2006.09.02).]
\scratchcounter=\count281
\scratchdimen=\dimen159
\scratchbox=\box53
\nofMPsegments=\count282
\nofMParguments=\count283
\everyMPshowfont=\toks22
\MPscratchCnt=\count284
\MPscratchDim=\dimen160
\MPnumerator=\count285
\makeMPintoPDFobject=\count286
\everyMPtoPDFconversion=\toks23
) (/opt/local/share/texmf-texlive/tex/latex/epstopdf-pkg/epstopdf-base.sty
Package: epstopdf-base 2020-01-24 v2.11 Base part for package epstopdf
Package epstopdf-base Info: Redefining graphics rule for `.eps' on input line 485.
 (/opt/local/share/texmf-texlive/tex/latex/latexconfig/epstopdf-sys.cfg
File: epstopdf-sys.cfg 2010/07/13 v1.3 Configuration of (r)epstopdf for TeX Live
))
Package caption Info: Begin \AtBeginDocument code.
Package caption Info: subfig package v1.3 is loaded.
Package caption Info: End \AtBeginDocument code.
LaTeX Font Info:    Trying to load font information for U+msa on input line 14.
 (/opt/local/share/texmf-texlive/tex/latex/amsfonts/umsa.fd
File: umsa.fd 2013/01/14 v3.01 AMS symbols A
)
LaTeX Font Info:    Trying to load font information for U+msb on input line 14.
 (/opt/local/share/texmf-texlive/tex/latex/amsfonts/umsb.fd
File: umsb.fd 2013/01/14 v3.01 AMS symbols B
)
Overfull \hbox (1.84644pt too wide) in paragraph at lines 23--24
[]\OT1/cmr/m/n/10 During in-fer-ence, the ad-ver-sary queries $\OML/cmm/m/it/10 f$ \OT1/cmr/m/n/10 with the par-tial record $\OML/cmm/m/it/10 x[]; [] ; x[]$
 []

<plots/wb_comparison_w_baseline.png, id=1, 1042.1334pt x 325.9377pt>
File: plots/wb_comparison_w_baseline.png Graphic file (type png)
<use plots/wb_comparison_w_baseline.png>
Package pdftex.def Info: plots/wb_comparison_w_baseline.png  used on input line 30.
(pdftex.def)             Requested size: 276.00105pt x 86.31836pt.
[1

{/opt/local/var/db/texmf/fonts/map/pdftex/updmap/pdftex.map} <./plots/wb_comparison_w_baseline.png>]
<plots/disparate_vulnerability_1.png, id=16, 594.0594pt x 325.9377pt>
File: plots/disparate_vulnerability_1.png Graphic file (type png)
<use plots/disparate_vulnerability_1.png>
Package pdftex.def Info: plots/disparate_vulnerability_1.png  used on input line 53.
(pdftex.def)             Requested size: 113.85063pt x 62.46095pt.
<plots/disparate_vulnerability_2.png, id=17, 594.0594pt x 325.9377pt>
File: plots/disparate_vulnerability_2.png Graphic file (type png)
<use plots/disparate_vulnerability_2.png>
Package pdftex.def Info: plots/disparate_vulnerability_2.png  used on input line 55.
(pdftex.def)             Requested size: 113.85063pt x 62.46095pt.
<plots/disparate_vulnerability_3.png, id=18, 594.0594pt x 325.9377pt>
File: plots/disparate_vulnerability_3.png Graphic file (type png)
<use plots/disparate_vulnerability_3.png>
Package pdftex.def Info: plots/disparate_vulnerability_3.png  used on input line 57.
(pdftex.def)             Requested size: 113.85063pt x 62.46095pt.
 [2 <./plots/disparate_vulnerability_1.png> <./plots/disparate_vulnerability_2.png> <./plots/disparate_vulnerability_3.png>]
Underfull \hbox (badness 10000) in paragraph at lines 101--101
[]\OT1/cmr/m/n/5 Subgroup
 []


Underfull \hbox (badness 10000) in paragraph at lines 101--101
[]\OT1/cmr/m/n/5 Subgroup
 []


Underfull \hbox (badness 10000) in paragraph at lines 101--101
[]\OT1/cmr/m/n/5 Original
 []


Underfull \hbox (badness 10000) in paragraph at lines 101--101
[]\OT1/cmr/m/n/5 Improved
 []


Underfull \hbox (badness 10000) in paragraph at lines 101--101
\OT1/cmr/m/n/5 At-tack
 []


Underfull \hbox (badness 10000) in paragraph at lines 101--101
\OT1/cmr/m/n/5 ASR
 []


Underfull \hbox (badness 10000) in paragraph at lines 101--101
[]\OT1/cmr/m/n/5 Improved
 []


Underfull \hbox (badness 10000) in paragraph at lines 101--101
\OT1/cmr/m/n/5 At-tack
 []


Underfull \hbox (badness 10000) in paragraph at lines 101--101
\OT1/cmr/m/n/5 ASR
 []


Underfull \hbox (badness 10000) in paragraph at lines 101--101
[]\OT1/cmr/m/n/5 Improved
 []


Underfull \hbox (badness 10000) in paragraph at lines 101--101
\OT1/cmr/m/n/5 At-tack
 []


Underfull \hbox (badness 10000) in paragraph at lines 101--101
\OT1/cmr/m/n/5 ASR
 []


Underfull \hbox (badness 10000) in paragraph at lines 101--101
[]\OT1/cmr/m/n/5 Improved
 []


Underfull \hbox (badness 10000) in paragraph at lines 101--101
\OT1/cmr/m/n/5 At-tack
 []


Underfull \hbox (badness 10000) in paragraph at lines 101--101
\OT1/cmr/m/n/5 ASR
 []


Underfull \hbox (badness 10000) in paragraph at lines 101--101
[]\OT1/cmr/m/n/5 Improved
 []


Underfull \hbox (badness 10000) in paragraph at lines 101--101
\OT1/cmr/m/n/5 At-tack
 []


Underfull \hbox (badness 10000) in paragraph at lines 101--101
\OT1/cmr/m/n/5 ASR
 []


Underfull \hbox (badness 10000) in paragraph at lines 101--101
[]\OT1/cmr/m/n/5 Improved
 []


Underfull \hbox (badness 10000) in paragraph at lines 101--101
\OT1/cmr/m/n/5 At-tack
 []


Underfull \hbox (badness 10000) in paragraph at lines 101--101
\OT1/cmr/m/n/5 ASR
 []


Underfull \hbox (badness 10000) in paragraph at lines 101--101
[]\OT1/cmr/m/n/5 Improved
 []


Underfull \hbox (badness 10000) in paragraph at lines 101--101
\OT1/cmr/m/n/5 At-tack
 []


Underfull \hbox (badness 10000) in paragraph at lines 101--101
\OT1/cmr/m/n/5 ASR
 []


Overfull \hbox (5.50604pt too wide) in paragraph at lines 101--102
[]\OT1/cmr/m/n/5 Correlation
 []


Underfull \hbox (badness 10000) in paragraph at lines 101--102
\OT1/cmr/m/n/5 At-tack
 []


Overfull \hbox (2.31152pt too wide) in paragraph at lines 109--109
[]\OT1/cmr/m/n/5 protestant| 
 []


Overfull \hbox (99.98018pt too wide) in paragraph at lines 99--113
[][] 
 []

[3] (./whitebox neuron output attack.aux) ) 
Here is how much of TeX's memory you used:
 4015 strings out of 479382
 66519 string characters out of 5869398
 367525 words of memory out of 5000000
 22041 multiletter control sequences out of 15000+600000
 473111 words of font info for 43 fonts, out of 8000000 for 9000
 430 hyphenation exceptions out of 8191
 69i,10n,79p,585b,403s stack positions out of 10000i,1000n,20000p,200000b,200000s
{/opt/local/share/texmf-texlive/fonts/enc/dvips/cm-super/cm-super-ts1.enc}</opt/local/share/texmf-texlive/fonts/type1/public/amsfonts/cm/cmbx12.pfb></opt/local/share/texmf-texlive/fonts/type1/public/amsfonts/cm/cmbx5.pfb></opt/local/share/texmf-texlive/fonts/type1/public/amsfonts/cm/cmmi10.pfb></opt/local/share/texmf-texlive/fonts/type1/public/amsfonts/cm/cmmi7.pfb></opt/local/share/texmf-texlive/fonts/type1/public/amsfonts/cm/cmr10.pfb></opt/local/share/texmf-texlive/fonts/type1/public/amsfonts/cm/cmr5.pfb></opt/local/share/texmf-texlive/fonts/type1/public/amsfonts/cm/cmr7.pfb></opt/local/share/texmf-texlive/fonts/type1/public/amsfonts/cm/cmr8.pfb></opt/local/share/texmf-texlive/fonts/type1/public/amsfonts/cm/cmsy10.pfb></opt/local/share/texmf-texlive/fonts/type1/public/cm-super/sfrm1000.pfb>
Output written on "whitebox neuron output attack.pdf" (3 pages, 190894 bytes).
PDF statistics:
 74 PDF objects out of 1000 (max. 8388607)
 40 compressed objects within 1 object stream
 0 named destinations out of 1000 (max. 500000)
 21 words of extra memory for PDF output out of 10000 (max. 10000000)

